app/build/intermediates/manifest_merge_blame_file/debug/manifest-merger-blame-debug-report.txt
1<?xml version="1.0" encoding="utf-8"?>
2<manifest xmlns:android="http://schemas.android.com/apk/res/android"
3    package="com.example.androidarchitecture"
4    android:versionCode="1"
5    android:versionName="1.0" >
6
7    <uses-sdk
8        android:minSdkVersion="21"
8-->src\main\AndroidManifest.xml
9        android:targetSdkVersion="27" />
9-->src\main\AndroidManifest.xml
10
11    <uses-permission android:name="android.permission.ACCESS_NETWORK_STATE" />
11-->[com.google.firebase:firebase-firestore:17.1.0] AndroidManifest.xml:10:5-79
11-->[com.google.firebase:firebase-firestore:17.1.0] AndroidManifest.xml:10:22-76
12    <uses-permission android:name="android.permission.INTERNET" />
12-->[com.google.firebase:firebase-firestore:17.1.0] AndroidManifest.xml:11:5-67
12-->[com.google.firebase:firebase-firestore:17.1.0] AndroidManifest.xml:11:22-64
13    <uses-permission android:name="android.permission.WAKE_LOCK" />
13-->[com.google.firebase:firebase-measurement-connector-impl:16.0.1] AndroidManifest.xml:24:5-68
13-->[com.google.firebase:firebase-measurement-connector-impl:16.0.1] AndroidManifest.xml:24:22-65
14    <uses-permission android:name="com.google.android.finsky.permission.BIND_GET_INSTALL_REFERRER_SERVICE" /> <!-- Required by older versions of Google Play services to create IID tokens -->
14-->[com.google.firebase:firebase-analytics:16.0.1] AndroidManifest.xml:26:5-110
14-->[com.google.firebase:firebase-analytics:16.0.1] AndroidManifest.xml:26:22-107
15    <uses-permission android:name="com.google.android.c2dm.permission.RECEIVE" />
15-->[com.google.firebase:firebase-iid:16.0.0] AndroidManifest.xml:26:5-82
15-->[com.google.firebase:firebase-iid:16.0.0] AndroidManifest.xml:26:22-79
16
17    <permission
17-->[com.google.firebase:firebase-iid:16.0.0] AndroidManifest.xml:28:5-30:47
18        android:name="com.example.androidarchitecture.permission.C2D_MESSAGE"
18-->[com.google.firebase:firebase-iid:16.0.0] AndroidManifest.xml:29:9-63
19        android:protectionLevel="signature" />
19-->[com.google.firebase:firebase-iid:16.0.0] AndroidManifest.xml:30:9-44
20
21    <uses-permission android:name="com.example.androidarchitecture.permission.C2D_MESSAGE" />
21-->[com.google.firebase:firebase-iid:16.0.0] AndroidManifest.xml:32:5-79
21-->[com.google.firebase:firebase-iid:16.0.0] AndroidManifest.xml:32:22-76
22
23    <application
23-->src\main\AndroidManifest.xml:5:5-19:19
24        android:allowBackup="true"
24-->src\main\AndroidManifest.xml:6:9-35
25        android:appComponentFactory="androidx.core.app.CoreComponentFactory"
25-->[androidx.core:core:1.0.0] AndroidManifest.xml:22:18-86
26        android:debuggable="true"
27        android:icon="@mipmap/ic_launcher"
27-->src\main\AndroidManifest.xml:7:9-43
28        android:label="@string/app_name"
28-->src\main\AndroidManifest.xml:8:9-41
29        android:roundIcon="@mipmap/ic_launcher_round"
29-->src\main\AndroidManifest.xml:9:9-54
30        android:supportsRtl="true"
30-->src\main\AndroidManifest.xml:10:9-35
31        android:testOnly="true"
32        android:theme="@style/AppTheme" >
32-->src\main\AndroidManifest.xml:11:9-40
33        <activity android:name="com.example.androidarchitecture.MainActivity" >
33-->src\main\AndroidManifest.xml:12:9-18:20
33-->src\main\AndroidManifest.xml:12:19-47
34            <intent-filter>
34-->src\main\AndroidManifest.xml:13:13-17:29
35                <action android:name="android.intent.action.MAIN" />
35-->src\main\AndroidManifest.xml:14:17-69
35-->src\main\AndroidManifest.xml:14:25-66
36
37                <category android:name="android.intent.category.LAUNCHER" />
37-->src\main\AndroidManifest.xml:16:17-77
37-->src\main\AndroidManifest.xml:16:27-74
38            </intent-filter>
39        </activity>
40
41        <service android:name="com.google.firebase.components.ComponentDiscoveryService" >
41-->[com.google.firebase:firebase-firestore:17.1.0] AndroidManifest.xml:14:9-18:19
41-->[com.google.firebase:firebase-firestore:17.1.0] AndroidManifest.xml:14:18-89
42            <meta-data
42-->[com.google.firebase:firebase-firestore:17.1.0] AndroidManifest.xml:15:13-17:85
43                android:name="com.google.firebase.components:com.google.firebase.firestore.FirestoreRegistrar"
43-->[com.google.firebase:firebase-firestore:17.1.0] AndroidManifest.xml:16:17-111
44                android:value="com.google.firebase.components.ComponentRegistrar" />
44-->[com.google.firebase:firebase-firestore:17.1.0] AndroidManifest.xml:17:17-82
45            <meta-data
45-->[com.google.firebase:firebase-measurement-connector-impl:16.0.1] AndroidManifest.xml:28:13-30:85
46                android:name="com.google.firebase.components:com.google.firebase.analytics.connector.internal.AnalyticsConnectorRegistrar"
46-->[com.google.firebase:firebase-measurement-connector-impl:16.0.1] AndroidManifest.xml:29:17-139
47                android:value="com.google.firebase.components.ComponentRegistrar" />
47-->[com.google.firebase:firebase-measurement-connector-impl:16.0.1] AndroidManifest.xml:30:17-82
48            <meta-data
48-->[com.google.firebase:firebase-iid:16.0.0] AndroidManifest.xml:36:13-38:85
49                android:name="com.google.firebase.components:com.google.firebase.iid.Registrar"
49-->[com.google.firebase:firebase-iid:16.0.0] AndroidManifest.xml:37:17-96
50                android:value="com.google.firebase.components.ComponentRegistrar" />
50-->[com.google.firebase:firebase-iid:16.0.0] AndroidManifest.xml:38:17-82
51        </service>
52
53        <receiver
53-->[com.google.firebase:firebase-analytics:16.0.1] AndroidManifest.xml:29:9-33:20
54            android:name="com.google.android.gms.measurement.AppMeasurementReceiver"
54-->[com.google.firebase:firebase-analytics:16.0.1] AndroidManifest.xml:30:13-85
55            android:enabled="true"
55-->[com.google.firebase:firebase-analytics:16.0.1] AndroidManifest.xml:31:13-35
56            android:exported="false" >
56-->[com.google.firebase:firebase-analytics:16.0.1] AndroidManifest.xml:32:13-37
57        </receiver>
58        <receiver
58-->[com.google.firebase:firebase-analytics:16.0.1] AndroidManifest.xml:34:9-42:20
59            android:name="com.google.android.gms.measurement.AppMeasurementInstallReferrerReceiver"
59-->[com.google.firebase:firebase-analytics:16.0.1] AndroidManifest.xml:35:13-100
60            android:enabled="true"
60-->[com.google.firebase:firebase-analytics:16.0.1] AndroidManifest.xml:36:13-35
61            android:exported="true"
61-->[com.google.firebase:firebase-analytics:16.0.1] AndroidManifest.xml:37:13-36
62            android:permission="android.permission.INSTALL_PACKAGES" >
62-->[com.google.firebase:firebase-analytics:16.0.1] AndroidManifest.xml:38:13-69
63            <intent-filter>
63-->[com.google.firebase:firebase-analytics:16.0.1] AndroidManifest.xml:39:13-41:29
64                <action android:name="com.android.vending.INSTALL_REFERRER" />
64-->[com.google.firebase:firebase-analytics:16.0.1] AndroidManifest.xml:40:17-79
64-->[com.google.firebase:firebase-analytics:16.0.1] AndroidManifest.xml:40:25-76
65            </intent-filter>
66        </receiver>
67
68        <service
68-->[com.google.firebase:firebase-analytics:16.0.1] AndroidManifest.xml:44:9-47:40
69            android:name="com.google.android.gms.measurement.AppMeasurementService"
69-->[com.google.firebase:firebase-analytics:16.0.1] AndroidManifest.xml:45:13-84
70            android:enabled="true"
70-->[com.google.firebase:firebase-analytics:16.0.1] AndroidManifest.xml:46:13-35
71            android:exported="false" />
71-->[com.google.firebase:firebase-analytics:16.0.1] AndroidManifest.xml:47:13-37
72        <service
72-->[com.google.firebase:firebase-analytics:16.0.1] AndroidManifest.xml:48:9-52:72
73            android:name="com.google.android.gms.measurement.AppMeasurementJobService"
73-->[com.google.firebase:firebase-analytics:16.0.1] AndroidManifest.xml:49:13-87
74            android:enabled="true"
74-->[com.google.firebase:firebase-analytics:16.0.1] AndroidManifest.xml:50:13-35
75            android:exported="false"
75-->[com.google.firebase:firebase-analytics:16.0.1] AndroidManifest.xml:51:13-37
76            android:permission="android.permission.BIND_JOB_SERVICE" />
76-->[com.google.firebase:firebase-analytics:16.0.1] AndroidManifest.xml:52:13-69
77
78        <receiver
78-->[com.google.firebase:firebase-iid:16.0.0] AndroidManifest.xml:41:9-50:20
79            android:name="com.google.firebase.iid.FirebaseInstanceIdReceiver"
79-->[com.google.firebase:firebase-iid:16.0.0] AndroidManifest.xml:42:13-78
80            android:exported="true"
80-->[com.google.firebase:firebase-iid:16.0.0] AndroidManifest.xml:43:13-36
81            android:permission="com.google.android.c2dm.permission.SEND" >
81-->[com.google.firebase:firebase-iid:16.0.0] AndroidManifest.xml:44:13-73
82            <intent-filter>
82-->[com.google.firebase:firebase-iid:16.0.0] AndroidManifest.xml:45:13-49:29
83                <action android:name="com.google.android.c2dm.intent.RECEIVE" />
83-->[com.google.firebase:firebase-iid:16.0.0] AndroidManifest.xml:46:17-81
83-->[com.google.firebase:firebase-iid:16.0.0] AndroidManifest.xml:46:25-78
84
85                <category android:name="com.example.androidarchitecture" />
85-->[com.google.firebase:firebase-iid:16.0.0] AndroidManifest.xml:48:17-61
85-->[com.google.firebase:firebase-iid:16.0.0] AndroidManifest.xml:48:27-58
86            </intent-filter>
87        </receiver>
88        <!--
89             FirebaseInstanceIdService performs security checks at runtime,
90             no need for explicit permissions despite exported="true"
91        -->
92        <service
92-->[com.google.firebase:firebase-iid:16.0.0] AndroidManifest.xml:56:9-62:19
93            android:name="com.google.firebase.iid.FirebaseInstanceIdService"
93-->[com.google.firebase:firebase-iid:16.0.0] AndroidManifest.xml:57:13-77
94            android:exported="true" >
94-->[com.google.firebase:firebase-iid:16.0.0] AndroidManifest.xml:58:13-36
95            <intent-filter android:priority="-500" >
95-->[com.google.firebase:firebase-iid:16.0.0] AndroidManifest.xml:59:13-61:29
95-->[com.google.firebase:firebase-iid:16.0.0] AndroidManifest.xml:59:28-51
96                <action android:name="com.google.firebase.INSTANCE_ID_EVENT" />
96-->[com.google.firebase:firebase-iid:16.0.0] AndroidManifest.xml:60:17-80
96-->[com.google.firebase:firebase-iid:16.0.0] AndroidManifest.xml:60:25-77
97            </intent-filter>
98        </service>
99
100        <activity
100-->[com.google.android.gms:play-services-base:16.0.1] AndroidManifest.xml:23:9-26:75
101            android:name="com.google.android.gms.common.api.GoogleApiActivity"
101-->[com.google.android.gms:play-services-base:16.0.1] AndroidManifest.xml:24:13-79
102            android:exported="false"
102-->[com.google.android.gms:play-services-base:16.0.1] AndroidManifest.xml:25:13-37
103            android:theme="@android:style/Theme.Translucent.NoTitleBar" />
103-->[com.google.android.gms:play-services-base:16.0.1] AndroidManifest.xml:26:13-72
104
105        <provider
105-->[com.google.firebase:firebase-common:16.0.3] AndroidManifest.xml:10:9-14:39
106            android:name="com.google.firebase.provider.FirebaseInitProvider"
106-->[com.google.firebase:firebase-common:16.0.3] AndroidManifest.xml:11:13-77
107            android:authorities="com.example.androidarchitecture.firebaseinitprovider"
107-->[com.google.firebase:firebase-common:16.0.3] AndroidManifest.xml:12:13-72
108            android:exported="false"
108-->[com.google.firebase:firebase-common:16.0.3] AndroidManifest.xml:13:13-37
109            android:initOrder="100" />
109-->[com.google.firebase:firebase-common:16.0.3] AndroidManifest.xml:14:13-36
110
111        <meta-data
111-->[com.google.android.gms:play-services-basement:16.0.1] AndroidManifest.xml:23:9-25:69
112            android:name="com.google.android.gms.version"
112-->[com.google.android.gms:play-services-basement:16.0.1] AndroidManifest.xml:24:13-58
113            android:value="@integer/google_play_services_version" />
113-->[com.google.android.gms:play-services-basement:16.0.1] AndroidManifest.xml:25:13-66
114
115        <provider
115-->[androidx.lifecycle:lifecycle-process:2.0.0] AndroidManifest.xml:23:9-27:43
116            android:name="androidx.lifecycle.ProcessLifecycleOwnerInitializer"
116-->[androidx.lifecycle:lifecycle-process:2.0.0] AndroidManifest.xml:24:13-79
117            android:authorities="com.example.androidarchitecture.lifecycle-process"
117-->[androidx.lifecycle:lifecycle-process:2.0.0] AndroidManifest.xml:25:13-69
118            android:exported="false"
118-->[androidx.lifecycle:lifecycle-process:2.0.0] AndroidManifest.xml:26:13-37
119            android:multiprocess="true" />
119-->[androidx.lifecycle:lifecycle-process:2.0.0] AndroidManifest.xml:27:13-40
120    </application>
121
122</manifest>